
timer.elf:     file format elf32-msp430

SYMBOL TABLE:
0000fffe l    d  __reset_vector	00000000 __reset_vector
0000fc00 l    d  .rodata	00000000 .rodata
0000fc00 l    d  .rodata2	00000000 .rodata2
0000fc00 l    d  .text	00000000 .text
00000200 l    d  .data	00000000 .data
00000200 l    d  .bss	00000000 .bss
00000202 l    d  .noinit	00000000 .noinit
00000202 l    d  .heap	00000000 .heap
00000000 l    d  .MSP430.attributes	00000000 .MSP430.attributes
00000000 l    d  .comment	00000000 .comment
00000000 l    df *ABS*	00000000 c:/ti/msp430_gcc/bin/../lib/gcc/msp430-elf/6.2.1/../../../../msp430-elf/lib/430/crt0-minrt.o
0000fffe l       __reset_vector	00000000 __msp430_resetvec_hook
00000000 l    df *ABS*	00000000 crt_bss.o
00000000 l    df *ABS*	00000000 crt_movedata.o
00000000 l    df *ABS*	00000000 crt_main_minrt.o
00000000 l    df *ABS*	00000000 main.c
00000000 l    df *ABS*	00000000 omsp_de1soc.c
00000000 l    df *ABS*	00000000 omsp_delay.c
00000000 l    df *ABS*	00000000 omsp_uart.c
00000000 l    df *ABS*	00000000 srai.o
00000000 l    df *ABS*	00000000 lib_a-memmove.o
00000000 l    df *ABS*	00000000 lib_a-memset.o
00000000 l    df *ABS*	00000000 
0000fc00 l       .text	00000000 _start
00000022 g       *ABS*	00000000 P1DIR
0000fd02 g     F .text	0000000e uartinit
0000fd32 g       .text	00000000 .hidden __mspabi_srai_6
0000fd3c g       .text	00000000 .hidden __mspabi_srai_1
0000fd5e g       .text	00000000 .hidden __mspabi_sral_10
0000fd4e g       .text	00000000 .hidden __mspabi_sral_14
0000fd94 g     F .text	0000003c memmove
0000fcc0 g     F .text	00000006 de1soc_ledr
0000fcd4 g     F .text	00000006 de1soc_hexhi
0000fd62 g       .text	00000000 .hidden __mspabi_sral_9
0000fd6e g       .text	00000000 .hidden __mspabi_sral_6
0000fd82 g       .text	00000000 .hidden __mspabi_sral_1
0000fd12 g       .text	00000000 .hidden __mspabi_func_epilog_6
0000fd20 g       .text	00000000 .hidden __mspabi_srai_15
0000fcda g     F .text	00000006 short_delay
0000002a g       *ABS*	00000000 P2DIR
00000120 g       *ABS*	00000000 WDTCTL
0000fd3a g       .text	00000000 .hidden __mspabi_srai_2
0000fd38 g       .text	00000000 .hidden __mspabi_srai_3
0000fc00 g     F .text	00000004 __crt0_start
00000206 g       .heap	00000000 __HeapLimit
00000206 g       .heap	00000000 __heap_end__
0000fc04 g     F .text	0000000e __crt0_init_bss
0000fce0 g     F .text	00000022 long_delay
00000002 g       *ABS*	00000000 __bsssize
0000fd2a g       .text	00000000 .hidden __mspabi_srai_10
0000fd1c g       .text	00000000 .hidden __mspabi_func_epilog_1
0000fcc6 g     F .text	0000000e de1soc_hexlo
0000fd18 g       .text	00000000 .hidden __mspabi_func_epilog_3
00000202 g       .noinit	00000000 end
0000fd5a g       .text	00000000 .hidden __mspabi_sral_11
0000fd4a g       .text	00000000 .hidden __mspabi_sral_15
0000fd30 g       .text	00000000 .hidden __mspabi_srai_7
0000fd76 g       .text	00000000 .hidden __mspabi_sral_4
0000fd44 g       .text	00000000 .hidden __mspabi_srai
0000fd26 g       .text	00000000 .hidden __mspabi_srai_12
00000000 g       *ABS*	00000000 __romdatacopysize
0000fd6a g       .text	00000000 .hidden __mspabi_sral_7
0000fd2e g       .text	00000000 .hidden __mspabi_srai_8
0000fd7e g       .text	00000000 .hidden __mspabi_sral_2
00000000  w      *ABS*	00000000 __rom_highdatacopysize
0000fdd0 g     F .text	00000014 memset
0000fc48 g     F .text	00000052 main
0000fd2c g       .text	00000000 .hidden __mspabi_srai_9
00000160 g       *ABS*	00000000 TACTL
0000fd28 g       .text	00000000 .hidden __mspabi_srai_11
00000202 g       .heap	00000000 __heap_start__
0000fd8e g       .text	00000000 .hidden __mspabi_sral
00000000  w      *ABS*	00000000 __high_bsssize
00000000  w      *ABS*	00000000 __rom_highdatastart
0000fd66 g       .text	00000000 .hidden __mspabi_sral_8
0000fd52 g       .text	00000000 .hidden __mspabi_sral_13
00000200 g     O .bss	00000002 count
0000fde4 g       *ABS*	00000000 __romdatastart
0000fd36 g       .text	00000000 .hidden __mspabi_srai_4
00000021 g       *ABS*	00000000 P1OUT
00000000  w      *ABS*	00000000 __high_datastart
00000000  w      *ABS*	00000000 __upper_data_init
00000200 g       .bss	00000000 __bssstart
0000fd14 g       .text	00000000 .hidden __mspabi_func_epilog_5
0000fd22 g       .text	00000000 .hidden __mspabi_srai_14
00002200 g       .MSP430.attributes	00000000 __stack
0000fc9a g     F .text	00000026 de1soc_init
0000fd7a g       .text	00000000 .hidden __mspabi_sral_3
00000200 g       .data	00000000 _edata
0000fd56 g       .text	00000000 .hidden __mspabi_sral_12
00000202 g       .heap	00000000 _end
0000fc2c g     F .text	0000001c TimerLap
00000000  w      *ABS*	00000000 __high_bssstart
00000170 g       *ABS*	00000000 TAR
0000fd34 g       .text	00000000 .hidden __mspabi_srai_5
0000fd24 g       .text	00000000 .hidden __mspabi_srai_13
00000200 g       .data	00000000 __datastart
0000fc26 g     F .text	00000006 __crt0_call_just_main
0000fc12 g     F .text	00000014 __crt0_movedata
0000fd1a g       .text	00000000 .hidden __mspabi_func_epilog_2
0000fd72 g       .text	00000000 .hidden __mspabi_sral_5
0000fd10 g       .text	00000000 .hidden __mspabi_func_epilog_7
0000fd16 g       .text	00000000 .hidden __mspabi_func_epilog_4



Disassembly of section .text:

0000fc00 <__crt0_start>:
    fc00:	31 40 00 22 	mov	#8704,	r1	;#0x2200

0000fc04 <__crt0_init_bss>:
    fc04:	3c 40 00 02 	mov	#512,	r12	;#0x0200

0000fc08 <.Loc.74.1>:
    fc08:	0d 43       	clr	r13		;

0000fc0a <.Loc.75.1>:
    fc0a:	3e 40 02 00 	mov	#2,	r14	;

0000fc0e <.Loc.79.1>:
    fc0e:	b0 12 d0 fd 	call	#64976		;#0xfdd0

0000fc12 <__crt0_movedata>:
    fc12:	3c 40 00 02 	mov	#512,	r12	;#0x0200

0000fc16 <.Loc.116.1>:
    fc16:	3d 40 e4 fd 	mov	#64996,	r13	;#0xfde4

0000fc1a <.Loc.119.1>:
    fc1a:	0d 9c       	cmp	r12,	r13	;

0000fc1c <.Loc.120.1>:
    fc1c:	04 24       	jz	$+10     	;abs 0xfc26

0000fc1e <.Loc.122.1>:
    fc1e:	3e 40 00 00 	mov	#0,	r14	;

0000fc22 <.Loc.124.1>:
    fc22:	b0 12 94 fd 	call	#64916		;#0xfd94

0000fc26 <__crt0_call_just_main>:
    fc26:	0c 43       	clr	r12		;

0000fc28 <.Loc.181.1>:
    fc28:	b0 12 48 fc 	call	#64584		;#0xfc48

0000fc2c <TimerLap>:
    fc2c:	b2 f0 cf ff 	and	#65487,	&0x0160	;#0xffcf
    fc30:	60 01 
    fc32:	1c 42 70 01 	mov	&0x0170,r12	;0x0170
    fc36:	1c 82 00 02 	sub	&0x0200,r12	;0x0200
    fc3a:	92 42 70 01 	mov	&0x0170,&0x0200	;0x0170
    fc3e:	00 02 
    fc40:	b2 d0 20 00 	bis	#32,	&0x0160	;#0x0020
    fc44:	60 01 
    fc46:	30 41       	ret			

0000fc48 <main>:
    fc48:	0a 12       	push	r10		;
    fc4a:	09 12       	push	r9		;
    fc4c:	08 12       	push	r8		;
    fc4e:	07 12       	push	r7		;
    fc50:	06 12       	push	r6		;
    fc52:	05 12       	push	r5		;
    fc54:	b2 d0 24 02 	bis	#548,	&0x0160	;#0x0224
    fc58:	60 01 
    fc5a:	b0 12 9a fc 	call	#64666		;#0xfc9a
    fc5e:	49 43       	clr.b	r9		;
    fc60:	3a 40 2c fc 	mov	#64556,	r10	;#0xfc2c
    fc64:	38 40 e0 fc 	mov	#64736,	r8	;#0xfce0
    fc68:	36 40 d4 fc 	mov	#64724,	r6	;#0xfcd4

0000fc6c <.L7>:
    fc6c:	8a 12       	call	r10		;
    fc6e:	8a 12       	call	r10		;
    fc70:	05 4c       	mov	r12,	r5	;
    fc72:	8a 12       	call	r10		;
    fc74:	7c 40 14 00 	mov.b	#20,	r12	;#0x0014
    fc78:	88 12       	call	r8		;
    fc7a:	8a 12       	call	r10		;
    fc7c:	07 4c       	mov	r12,	r7	;
    fc7e:	0c 45       	mov	r5,	r12	;
    fc80:	86 12       	call	r6		;
    fc82:	0c 47       	mov	r7,	r12	;
    fc84:	b0 12 c6 fc 	call	#64710		;#0xfcc6
    fc88:	0c 49       	mov	r9,	r12	;
    fc8a:	b0 12 c0 fc 	call	#64704		;#0xfcc0
    fc8e:	19 53       	inc	r9		;
    fc90:	3c 40 f4 01 	mov	#500,	r12	;#0x01f4
    fc94:	88 12       	call	r8		;
    fc96:	30 40 6c fc 	br	#0xfc6c		;

0000fc9a <de1soc_init>:
    fc9a:	b2 40 80 5a 	mov	#23168,	&0x0120	;#0x5a80
    fc9e:	20 01 
    fca0:	f2 43 22 00 	mov.b	#-1,	&0x0022	;r3 As==11
    fca4:	f2 43 2a 00 	mov.b	#-1,	&0x002a	;r3 As==11
    fca8:	f2 43 1a 00 	mov.b	#-1,	&0x001a	;r3 As==11
    fcac:	f2 43 1e 00 	mov.b	#-1,	&0x001e	;r3 As==11
    fcb0:	f2 43 32 00 	mov.b	#-1,	&0x0032	;r3 As==11
    fcb4:	b0 12 02 fd 	call	#64770		;#0xfd02
    fcb8:	03 43       	nop			
    fcba:	32 d2       	eint			
    fcbc:	03 43       	nop			
    fcbe:	30 41       	ret			

0000fcc0 <de1soc_ledr>:
    fcc0:	c2 4c 21 00 	mov.b	r12,	&0x0021	;
    fcc4:	30 41       	ret			

0000fcc6 <de1soc_hexlo>:
    fcc6:	c2 4c 19 00 	mov.b	r12,	&0x0019	;
    fcca:	b0 12 2e fd 	call	#64814		;#0xfd2e
    fcce:	c2 4c 1d 00 	mov.b	r12,	&0x001d	;
    fcd2:	30 41       	ret			

0000fcd4 <de1soc_hexhi>:
    fcd4:	c2 4c 31 00 	mov.b	r12,	&0x0031	;
    fcd8:	30 41       	ret			

0000fcda <short_delay>:
    fcda:	1c 83       	dec	r12		;
    fcdc:	fe 23       	jnz	$-2      	;abs 0xfcda
    fcde:	30 41       	ret			

0000fce0 <long_delay>:
    fce0:	0a 12       	push	r10		;
    fce2:	09 12       	push	r9		;
    fce4:	08 12       	push	r8		;
    fce6:	0a 4c       	mov	r12,	r10	;
    fce8:	39 40 da fc 	mov	#64730,	r9	;#0xfcda
    fcec:	38 40 10 27 	mov	#10000,	r8	;#0x2710

0000fcf0 <.L3>:
    fcf0:	0a 93       	cmp	#0,	r10	;r3 As==00
    fcf2:	02 20       	jnz	$+6      	;abs 0xfcf8
    fcf4:	30 40 18 fd 	br	#0xfd18		;

0000fcf8 <.L4>:
    fcf8:	0c 48       	mov	r8,	r12	;
    fcfa:	89 12       	call	r9		;
    fcfc:	3a 53       	add	#-1,	r10	;r3 As==11
    fcfe:	30 40 f0 fc 	br	#0xfcf0		;

0000fd02 <uartinit>:
    fd02:	b2 40 b1 01 	mov	#433,	&0x0082	;#0x01b1
    fd06:	82 00 
    fd08:	f2 40 11 00 	mov.b	#17,	&0x0080	;#0x0011
    fd0c:	80 00 
    fd0e:	30 41       	ret			

0000fd10 <__mspabi_func_epilog_7>:
    fd10:	34 41       	pop	r4		;

0000fd12 <__mspabi_func_epilog_6>:
    fd12:	35 41       	pop	r5		;

0000fd14 <__mspabi_func_epilog_5>:
    fd14:	36 41       	pop	r6		;

0000fd16 <__mspabi_func_epilog_4>:
    fd16:	37 41       	pop	r7		;

0000fd18 <__mspabi_func_epilog_3>:
    fd18:	38 41       	pop	r8		;

0000fd1a <__mspabi_func_epilog_2>:
    fd1a:	39 41       	pop	r9		;

0000fd1c <__mspabi_func_epilog_1>:
    fd1c:	3a 41       	pop	r10		;
    fd1e:	30 41       	ret			

0000fd20 <__mspabi_srai_15>:
    fd20:	0c 11       	rra	r12		;

0000fd22 <__mspabi_srai_14>:
    fd22:	0c 11       	rra	r12		;

0000fd24 <__mspabi_srai_13>:
    fd24:	0c 11       	rra	r12		;

0000fd26 <__mspabi_srai_12>:
    fd26:	0c 11       	rra	r12		;

0000fd28 <__mspabi_srai_11>:
    fd28:	0c 11       	rra	r12		;

0000fd2a <__mspabi_srai_10>:
    fd2a:	0c 11       	rra	r12		;

0000fd2c <__mspabi_srai_9>:
    fd2c:	0c 11       	rra	r12		;

0000fd2e <__mspabi_srai_8>:
    fd2e:	0c 11       	rra	r12		;

0000fd30 <__mspabi_srai_7>:
    fd30:	0c 11       	rra	r12		;

0000fd32 <__mspabi_srai_6>:
    fd32:	0c 11       	rra	r12		;

0000fd34 <__mspabi_srai_5>:
    fd34:	0c 11       	rra	r12		;

0000fd36 <__mspabi_srai_4>:
    fd36:	0c 11       	rra	r12		;

0000fd38 <__mspabi_srai_3>:
    fd38:	0c 11       	rra	r12		;

0000fd3a <__mspabi_srai_2>:
    fd3a:	0c 11       	rra	r12		;

0000fd3c <__mspabi_srai_1>:
    fd3c:	0c 11       	rra	r12		;
    fd3e:	30 41       	ret			

0000fd40 <.L11>:
    fd40:	3d 53       	add	#-1,	r13	;r3 As==11
    fd42:	0c 11       	rra	r12		;

0000fd44 <__mspabi_srai>:
    fd44:	0d 93       	cmp	#0,	r13	;r3 As==00
    fd46:	fc 23       	jnz	$-6      	;abs 0xfd40
    fd48:	30 41       	ret			

0000fd4a <__mspabi_sral_15>:
    fd4a:	0d 11       	rra	r13		;
    fd4c:	0c 10       	rrc	r12		;

0000fd4e <__mspabi_sral_14>:
    fd4e:	0d 11       	rra	r13		;
    fd50:	0c 10       	rrc	r12		;

0000fd52 <__mspabi_sral_13>:
    fd52:	0d 11       	rra	r13		;
    fd54:	0c 10       	rrc	r12		;

0000fd56 <__mspabi_sral_12>:
    fd56:	0d 11       	rra	r13		;
    fd58:	0c 10       	rrc	r12		;

0000fd5a <__mspabi_sral_11>:
    fd5a:	0d 11       	rra	r13		;
    fd5c:	0c 10       	rrc	r12		;

0000fd5e <__mspabi_sral_10>:
    fd5e:	0d 11       	rra	r13		;
    fd60:	0c 10       	rrc	r12		;

0000fd62 <__mspabi_sral_9>:
    fd62:	0d 11       	rra	r13		;
    fd64:	0c 10       	rrc	r12		;

0000fd66 <__mspabi_sral_8>:
    fd66:	0d 11       	rra	r13		;
    fd68:	0c 10       	rrc	r12		;

0000fd6a <__mspabi_sral_7>:
    fd6a:	0d 11       	rra	r13		;
    fd6c:	0c 10       	rrc	r12		;

0000fd6e <__mspabi_sral_6>:
    fd6e:	0d 11       	rra	r13		;
    fd70:	0c 10       	rrc	r12		;

0000fd72 <__mspabi_sral_5>:
    fd72:	0d 11       	rra	r13		;
    fd74:	0c 10       	rrc	r12		;

0000fd76 <__mspabi_sral_4>:
    fd76:	0d 11       	rra	r13		;
    fd78:	0c 10       	rrc	r12		;

0000fd7a <__mspabi_sral_3>:
    fd7a:	0d 11       	rra	r13		;
    fd7c:	0c 10       	rrc	r12		;

0000fd7e <__mspabi_sral_2>:
    fd7e:	0d 11       	rra	r13		;
    fd80:	0c 10       	rrc	r12		;

0000fd82 <__mspabi_sral_1>:
    fd82:	0d 11       	rra	r13		;
    fd84:	0c 10       	rrc	r12		;
    fd86:	30 41       	ret			

0000fd88 <.L12>:
    fd88:	3e 53       	add	#-1,	r14	;r3 As==11
    fd8a:	0d 11       	rra	r13		;
    fd8c:	0c 10       	rrc	r12		;

0000fd8e <__mspabi_sral>:
    fd8e:	0e 93       	cmp	#0,	r14	;r3 As==00
    fd90:	fb 23       	jnz	$-8      	;abs 0xfd88
    fd92:	30 41       	ret			

0000fd94 <memmove>:
    fd94:	0b 4c       	mov	r12,	r11	;
    fd96:	0b 5e       	add	r14,	r11	;

0000fd98 <.Loc.69.1>:
    fd98:	0d 9c       	cmp	r12,	r13	;
    fd9a:	09 28       	jnc	$+20     	;abs 0xfdae

0000fd9c <.L4>:
    fd9c:	0e 4c       	mov	r12,	r14	;

0000fd9e <.L3>:
    fd9e:	0b 9e       	cmp	r14,	r11	;
    fda0:	10 24       	jz	$+34     	;abs 0xfdc2

0000fda2 <.LVL3>:
    fda2:	ee 4d 00 00 	mov.b	@r13,	0(r14)	;
    fda6:	1e 53       	inc	r14		;

0000fda8 <.LVL4>:
    fda8:	1d 53       	inc	r13		;
    fdaa:	30 40 9e fd 	br	#0xfd9e		;

0000fdae <.L2>:
    fdae:	0f 4d       	mov	r13,	r15	;
    fdb0:	0f 5e       	add	r14,	r15	;
    fdb2:	0c 9f       	cmp	r15,	r12	;
    fdb4:	f3 2f       	jc	$-24     	;abs 0xfd9c

0000fdb6 <.LVL6>:
    fdb6:	0d 4f       	mov	r15,	r13	;

0000fdb8 <.LVL7>:
    fdb8:	0e 8f       	sub	r15,	r14	;

0000fdba <.L5>:
    fdba:	0f 4d       	mov	r13,	r15	;
    fdbc:	0f 5e       	add	r14,	r15	;
    fdbe:	0f 93       	cmp	#0,	r15	;r3 As==00
    fdc0:	01 20       	jnz	$+4      	;abs 0xfdc4

0000fdc2 <.L9>:
    fdc2:	30 41       	ret			

0000fdc4 <.L6>:
    fdc4:	3b 53       	add	#-1,	r11	;r3 As==11
    fdc6:	3d 53       	add	#-1,	r13	;r3 As==11

0000fdc8 <.LVL12>:
    fdc8:	eb 4d 00 00 	mov.b	@r13,	0(r11)	;
    fdcc:	30 40 ba fd 	br	#0xfdba		;

0000fdd0 <memset>:
    fdd0:	0f 4c       	mov	r12,	r15	;
    fdd2:	0e 5c       	add	r12,	r14	;

0000fdd4 <.L2>:
    fdd4:	0f 9e       	cmp	r14,	r15	;
    fdd6:	01 20       	jnz	$+4      	;abs 0xfdda

0000fdd8 <.Loc.104.1>:
    fdd8:	30 41       	ret			

0000fdda <.L3>:
    fdda:	cf 4d 00 00 	mov.b	r13,	0(r15)	;
    fdde:	1f 53       	inc	r15		;

0000fde0 <.LVL4>:
    fde0:	30 40 d4 fd 	br	#0xfdd4		;
